<?xml version="1.0" encoding="UTF-8"?>
<testsuite name="gic.i4c.GicCafe.GicCafeApplicationTests" tests="1" skipped="0" failures="0" errors="0" timestamp="2023-05-17T14:40:36" hostname="MacBookPro-M1.local" time="0.108">
  <properties/>
  <testcase name="contextLoads()" classname="gic.i4c.GicCafe.GicCafeApplicationTests" time="0.108"/>
  <system-out><![CDATA[21:40:33.000 [Test worker] DEBUG org.springframework.boot.test.context.SpringBootTestContextBootstrapper -- Neither @ContextConfiguration nor @ContextHierarchy found for test class [GicCafeApplicationTests]: using SpringBootContextLoader
21:40:33.003 [Test worker] DEBUG org.springframework.test.context.support.AbstractContextLoader -- Could not detect default resource locations for test class [gic.i4c.GicCafe.GicCafeApplicationTests]: no resource found for suffixes {-context.xml, Context.groovy}.
21:40:33.004 [Test worker] INFO org.springframework.test.context.support.AnnotationConfigContextLoaderUtils -- Could not detect default configuration classes for test class [gic.i4c.GicCafe.GicCafeApplicationTests]: GicCafeApplicationTests does not declare any static, non-private, non-final, nested classes annotated with @Configuration.
21:40:33.016 [Test worker] DEBUG org.springframework.boot.test.context.SpringBootTestContextBootstrapper -- Using ContextCustomizers for test class [GicCafeApplicationTests]: [DisableObservabilityContextCustomizer, PropertyMappingContextCustomizer, Customizer, ExcludeFilterContextCustomizer, DuplicateJsonObjectContextCustomizer, MockitoContextCustomizer, TestRestTemplateContextCustomizer]
21:40:33.054 [Test worker] DEBUG org.springframework.context.annotation.ClassPathScanningCandidateComponentProvider -- Identified candidate component class: file [/Users/rothadapravith/Desktop/Midterm-SE-GIC-Cafe-Project-Group16/build/classes/java/main/gic/i4c/GicCafe/GicCafeApplication.class]
21:40:33.055 [Test worker] INFO org.springframework.boot.test.context.SpringBootTestContextBootstrapper -- Found @SpringBootConfiguration gic.i4c.GicCafe.GicCafeApplication for test class gic.i4c.GicCafe.GicCafeApplicationTests
21:40:33.101 [Test worker] DEBUG org.springframework.boot.test.context.SpringBootTestContextBootstrapper -- Using TestExecutionListeners for test class [GicCafeApplicationTests]: [ServletTestExecutionListener, DirtiesContextBeforeModesTestExecutionListener, ApplicationEventsTestExecutionListener, MockitoTestExecutionListener, DependencyInjectionTestExecutionListener, DirtiesContextTestExecutionListener, TransactionalTestExecutionListener, SqlScriptsTestExecutionListener, EventPublishingTestExecutionListener, RestDocsTestExecutionListener, MockRestServiceServerResetTestExecutionListener, MockMvcPrintOnlyOnFailureTestExecutionListener, WebDriverTestExecutionListener, MockWebServiceServerTestExecutionListener, ResetMocksTestExecutionListener]
21:40:33.102 [Test worker] DEBUG org.springframework.test.context.support.AbstractDirtiesContextTestExecutionListener -- Before test class: class [GicCafeApplicationTests], class annotated with @DirtiesContext [false] with mode [null]

  .   ____          _            __ _ _
 /\\ / ___'_ __ _ _(_)_ __  __ _ \ \ \ \
( ( )\___ | '_ | '_| | '_ \/ _` | \ \ \ \
 \\/  ___)| |_)| | | | | || (_| |  ) ) ) )
  '  |____| .__|_| |_|_| |_\__, | / / / /
 =========|_|==============|___/=/_/_/_/
 :: Spring Boot ::                (v3.0.6)

2023-05-17T21:40:33.249+07:00  INFO 5661 --- [    Test worker] g.i4c.GicCafe.GicCafeApplicationTests    : Starting GicCafeApplicationTests using Java 17.0.6 with PID 5661 (started by rothadapravith in /Users/rothadapravith/Desktop/Midterm-SE-GIC-Cafe-Project-Group16)
2023-05-17T21:40:33.250+07:00  INFO 5661 --- [    Test worker] g.i4c.GicCafe.GicCafeApplicationTests    : No active profile set, falling back to 1 default profile: "default"
2023-05-17T21:40:33.883+07:00  INFO 5661 --- [    Test worker] .s.d.r.c.RepositoryConfigurationDelegate : Bootstrapping Spring Data JPA repositories in DEFAULT mode.
2023-05-17T21:40:33.925+07:00  INFO 5661 --- [    Test worker] .s.d.r.c.RepositoryConfigurationDelegate : Finished Spring Data repository scanning in 38 ms. Found 10 JPA repository interfaces.
2023-05-17T21:40:34.163+07:00  INFO 5661 --- [    Test worker] o.hibernate.jpa.internal.util.LogHelper  : HHH000204: Processing PersistenceUnitInfo [name: default]
2023-05-17T21:40:34.193+07:00  INFO 5661 --- [    Test worker] org.hibernate.Version                    : HHH000412: Hibernate ORM core version 6.1.7.Final
2023-05-17T21:40:34.334+07:00  INFO 5661 --- [    Test worker] com.zaxxer.hikari.HikariDataSource       : HikariPool-1 - Starting...
2023-05-17T21:40:34.450+07:00  INFO 5661 --- [    Test worker] com.zaxxer.hikari.pool.HikariPool        : HikariPool-1 - Added connection com.mysql.cj.jdbc.ConnectionImpl@1850f2da
2023-05-17T21:40:34.452+07:00  INFO 5661 --- [    Test worker] com.zaxxer.hikari.HikariDataSource       : HikariPool-1 - Start completed.
2023-05-17T21:40:34.477+07:00  WARN 5661 --- [    Test worker] org.hibernate.dialect.Dialect            : HHH000511: The 5.5.0 version for [org.hibernate.dialect.MySQLDialect] is no longer supported, hence certain features may not work properly. The minimum supported version is 5.7.0. Check the community dialects project for available legacy versions.
2023-05-17T21:40:34.480+07:00  INFO 5661 --- [    Test worker] SQL dialect                              : HHH000400: Using dialect: org.hibernate.dialect.MySQLDialect
2023-05-17T21:40:34.861+07:00  INFO 5661 --- [    Test worker] o.h.m.i.EntityInstantiatorPojoStandard   : HHH000182: No default (no-argument) constructor for class: gic.i4c.GicCafe.model.Addons (class must be instantiated by Interceptor)
2023-05-17T21:40:34.865+07:00  INFO 5661 --- [    Test worker] o.h.m.i.EntityInstantiatorPojoStandard   : HHH000182: No default (no-argument) constructor for class: gic.i4c.GicCafe.model.Drink_Size (class must be instantiated by Interceptor)
2023-05-17T21:40:35.007+07:00  INFO 5661 --- [    Test worker] o.h.e.t.j.p.i.JtaPlatformInitiator       : HHH000490: Using JtaPlatform implementation: [org.hibernate.engine.transaction.jta.platform.internal.NoJtaPlatform]
2023-05-17T21:40:35.012+07:00  INFO 5661 --- [    Test worker] j.LocalContainerEntityManagerFactoryBean : Initialized JPA EntityManagerFactory for persistence unit 'default'
2023-05-17T21:40:35.694+07:00  WARN 5661 --- [    Test worker] JpaBaseConfiguration$JpaWebConfiguration : spring.jpa.open-in-view is enabled by default. Therefore, database queries may be performed during view rendering. Explicitly configure spring.jpa.open-in-view to disable this warning
2023-05-17T21:40:36.273+07:00  INFO 5661 --- [    Test worker] o.s.b.a.e.web.EndpointLinksResolver      : Exposing 1 endpoint(s) beneath base path '/actuator'
2023-05-17T21:40:36.322+07:00  INFO 5661 --- [    Test worker] g.i4c.GicCafe.GicCafeApplicationTests    : Started GicCafeApplicationTests in 3.201 seconds (process running for 3.799)
Hibernate: select count(*) from product_size p1_0
Hibernate: select count(*) from addons a1_0
]]></system-out>
  <system-err><![CDATA[]]></system-err>
</testsuite>
