<?xml version="1.0" encoding="UTF-8"?>
<testsuite name="gic.i4c.GicCafe.GicCafeApplicationTests" tests="1" skipped="0" failures="0" errors="0" timestamp="2023-05-09T14:37:13" hostname="MacBookPro-M1.local" time="0.085">
  <properties/>
  <testcase name="contextLoads()" classname="gic.i4c.GicCafe.GicCafeApplicationTests" time="0.085"/>
  <system-out><![CDATA[21:37:10.538 [Test worker] DEBUG org.springframework.boot.test.context.SpringBootTestContextBootstrapper -- Neither @ContextConfiguration nor @ContextHierarchy found for test class [GicCafeApplicationTests]: using SpringBootContextLoader
21:37:10.541 [Test worker] DEBUG org.springframework.test.context.support.AbstractContextLoader -- Could not detect default resource locations for test class [gic.i4c.GicCafe.GicCafeApplicationTests]: no resource found for suffixes {-context.xml, Context.groovy}.
21:37:10.541 [Test worker] INFO org.springframework.test.context.support.AnnotationConfigContextLoaderUtils -- Could not detect default configuration classes for test class [gic.i4c.GicCafe.GicCafeApplicationTests]: GicCafeApplicationTests does not declare any static, non-private, non-final, nested classes annotated with @Configuration.
21:37:10.554 [Test worker] DEBUG org.springframework.boot.test.context.SpringBootTestContextBootstrapper -- Using ContextCustomizers for test class [GicCafeApplicationTests]: [DisableObservabilityContextCustomizer, PropertyMappingContextCustomizer, Customizer, ExcludeFilterContextCustomizer, DuplicateJsonObjectContextCustomizer, MockitoContextCustomizer, TestRestTemplateContextCustomizer]
21:37:10.592 [Test worker] DEBUG org.springframework.context.annotation.ClassPathScanningCandidateComponentProvider -- Identified candidate component class: file [/Users/rothadapravith/Desktop/Midterm_SE_Team16/build/classes/java/main/gic/i4c/GicCafe/GicCafeApplication.class]
21:37:10.593 [Test worker] INFO org.springframework.boot.test.context.SpringBootTestContextBootstrapper -- Found @SpringBootConfiguration gic.i4c.GicCafe.GicCafeApplication for test class gic.i4c.GicCafe.GicCafeApplicationTests
21:37:10.641 [Test worker] DEBUG org.springframework.boot.test.context.SpringBootTestContextBootstrapper -- Using TestExecutionListeners for test class [GicCafeApplicationTests]: [ServletTestExecutionListener, DirtiesContextBeforeModesTestExecutionListener, ApplicationEventsTestExecutionListener, MockitoTestExecutionListener, DependencyInjectionTestExecutionListener, DirtiesContextTestExecutionListener, TransactionalTestExecutionListener, SqlScriptsTestExecutionListener, EventPublishingTestExecutionListener, RestDocsTestExecutionListener, MockRestServiceServerResetTestExecutionListener, MockMvcPrintOnlyOnFailureTestExecutionListener, WebDriverTestExecutionListener, MockWebServiceServerTestExecutionListener, ResetMocksTestExecutionListener]
21:37:10.641 [Test worker] DEBUG org.springframework.test.context.support.AbstractDirtiesContextTestExecutionListener -- Before test class: class [GicCafeApplicationTests], class annotated with @DirtiesContext [false] with mode [null]

  .   ____          _            __ _ _
 /\\ / ___'_ __ _ _(_)_ __  __ _ \ \ \ \
( ( )\___ | '_ | '_| | '_ \/ _` | \ \ \ \
 \\/  ___)| |_)| | | | | || (_| |  ) ) ) )
  '  |____| .__|_| |_|_| |_\__, | / / / /
 =========|_|==============|___/=/_/_/_/
 :: Spring Boot ::                (v3.0.6)

2023-05-09T21:37:10.785+07:00  INFO 2035 --- [    Test worker] g.i4c.GicCafe.GicCafeApplicationTests    : Starting GicCafeApplicationTests using Java 17.0.6 with PID 2035 (started by rothadapravith in /Users/rothadapravith/Desktop/Midterm_SE_Team16)
2023-05-09T21:37:10.786+07:00  INFO 2035 --- [    Test worker] g.i4c.GicCafe.GicCafeApplicationTests    : No active profile set, falling back to 1 default profile: "default"
2023-05-09T21:37:11.231+07:00  INFO 2035 --- [    Test worker] .s.d.r.c.RepositoryConfigurationDelegate : Bootstrapping Spring Data JPA repositories in DEFAULT mode.
2023-05-09T21:37:11.262+07:00  INFO 2035 --- [    Test worker] .s.d.r.c.RepositoryConfigurationDelegate : Finished Spring Data repository scanning in 26 ms. Found 5 JPA repository interfaces.
2023-05-09T21:37:11.496+07:00  INFO 2035 --- [    Test worker] o.hibernate.jpa.internal.util.LogHelper  : HHH000204: Processing PersistenceUnitInfo [name: default]
2023-05-09T21:37:11.521+07:00  INFO 2035 --- [    Test worker] org.hibernate.Version                    : HHH000412: Hibernate ORM core version 6.1.7.Final
2023-05-09T21:37:11.657+07:00  INFO 2035 --- [    Test worker] com.zaxxer.hikari.HikariDataSource       : HikariPool-1 - Starting...
2023-05-09T21:37:11.758+07:00  INFO 2035 --- [    Test worker] com.zaxxer.hikari.pool.HikariPool        : HikariPool-1 - Added connection com.mysql.cj.jdbc.ConnectionImpl@678586f0
2023-05-09T21:37:11.759+07:00  INFO 2035 --- [    Test worker] com.zaxxer.hikari.HikariDataSource       : HikariPool-1 - Start completed.
2023-05-09T21:37:11.783+07:00  WARN 2035 --- [    Test worker] org.hibernate.dialect.Dialect            : HHH000511: The 5.5.0 version for [org.hibernate.dialect.MySQLDialect] is no longer supported, hence certain features may not work properly. The minimum supported version is 5.7.0. Check the community dialects project for available legacy versions.
2023-05-09T21:37:11.786+07:00  INFO 2035 --- [    Test worker] SQL dialect                              : HHH000400: Using dialect: org.hibernate.dialect.MySQLDialect
2023-05-09T21:37:12.121+07:00  INFO 2035 --- [    Test worker] o.h.m.i.EntityInstantiatorPojoStandard   : HHH000182: No default (no-argument) constructor for class: gic.i4c.GicCafe.model.Addons (class must be instantiated by Interceptor)
2023-05-09T21:37:12.126+07:00  INFO 2035 --- [    Test worker] o.h.m.i.EntityInstantiatorPojoStandard   : HHH000182: No default (no-argument) constructor for class: gic.i4c.GicCafe.model.Drink_Size (class must be instantiated by Interceptor)
2023-05-09T21:37:12.244+07:00  INFO 2035 --- [    Test worker] o.h.e.t.j.p.i.JtaPlatformInitiator       : HHH000490: Using JtaPlatform implementation: [org.hibernate.engine.transaction.jta.platform.internal.NoJtaPlatform]
2023-05-09T21:37:12.250+07:00  INFO 2035 --- [    Test worker] j.LocalContainerEntityManagerFactoryBean : Initialized JPA EntityManagerFactory for persistence unit 'default'
2023-05-09T21:37:12.524+07:00  WARN 2035 --- [    Test worker] JpaBaseConfiguration$JpaWebConfiguration : spring.jpa.open-in-view is enabled by default. Therefore, database queries may be performed during view rendering. Explicitly configure spring.jpa.open-in-view to disable this warning
2023-05-09T21:37:12.813+07:00  INFO 2035 --- [    Test worker] o.s.b.a.e.web.EndpointLinksResolver      : Exposing 1 endpoint(s) beneath base path '/actuator'
2023-05-09T21:37:12.863+07:00  INFO 2035 --- [    Test worker] g.i4c.GicCafe.GicCafeApplicationTests    : Started GicCafeApplicationTests in 2.203 seconds (process running for 2.773)
Hibernate: select count(*) from drink_size d1_0
Hibernate: select count(*) from addons a1_0
]]></system-out>
  <system-err><![CDATA[]]></system-err>
</testsuite>
