<?xml version="1.0" encoding="UTF-8"?>
<testsuite name="gic.i4c.GicCafe.GicCafeApplicationTests" tests="1" skipped="0" failures="0" errors="0" timestamp="2023-04-23T04:22:36" hostname="MacbookPro-M1.local" time="0.134">
  <properties/>
  <testcase name="contextLoads()" classname="gic.i4c.GicCafe.GicCafeApplicationTests" time="0.134"/>
  <system-out><![CDATA[11:22:35.197 [Test worker] DEBUG org.springframework.boot.test.context.SpringBootTestContextBootstrapper -- Neither @ContextConfiguration nor @ContextHierarchy found for test class [GicCafeApplicationTests]: using SpringBootContextLoader
11:22:35.200 [Test worker] DEBUG org.springframework.test.context.support.AbstractContextLoader -- Could not detect default resource locations for test class [gic.i4c.GicCafe.GicCafeApplicationTests]: no resource found for suffixes {-context.xml, Context.groovy}.
11:22:35.200 [Test worker] INFO org.springframework.test.context.support.AnnotationConfigContextLoaderUtils -- Could not detect default configuration classes for test class [gic.i4c.GicCafe.GicCafeApplicationTests]: GicCafeApplicationTests does not declare any static, non-private, non-final, nested classes annotated with @Configuration.
11:22:35.211 [Test worker] DEBUG org.springframework.boot.test.context.SpringBootTestContextBootstrapper -- Using ContextCustomizers for test class [GicCafeApplicationTests]: [DisableObservabilityContextCustomizer, PropertyMappingContextCustomizer, Customizer, ExcludeFilterContextCustomizer, DuplicateJsonObjectContextCustomizer, MockitoContextCustomizer, TestRestTemplateContextCustomizer]
11:22:35.247 [Test worker] DEBUG org.springframework.context.annotation.ClassPathScanningCandidateComponentProvider -- Identified candidate component class: file [/Users/rothadapravith/Desktop/GicCafe/build/classes/java/main/gic/i4c/GicCafe/GicCafeApplication.class]
11:22:35.248 [Test worker] INFO org.springframework.boot.test.context.SpringBootTestContextBootstrapper -- Found @SpringBootConfiguration gic.i4c.GicCafe.GicCafeApplication for test class gic.i4c.GicCafe.GicCafeApplicationTests
11:22:35.292 [Test worker] DEBUG org.springframework.boot.test.context.SpringBootTestContextBootstrapper -- Using TestExecutionListeners for test class [GicCafeApplicationTests]: [ServletTestExecutionListener, DirtiesContextBeforeModesTestExecutionListener, ApplicationEventsTestExecutionListener, MockitoTestExecutionListener, DependencyInjectionTestExecutionListener, DirtiesContextTestExecutionListener, TransactionalTestExecutionListener, SqlScriptsTestExecutionListener, EventPublishingTestExecutionListener, RestDocsTestExecutionListener, MockRestServiceServerResetTestExecutionListener, MockMvcPrintOnlyOnFailureTestExecutionListener, WebDriverTestExecutionListener, MockWebServiceServerTestExecutionListener, ResetMocksTestExecutionListener]
11:22:35.292 [Test worker] DEBUG org.springframework.test.context.support.AbstractDirtiesContextTestExecutionListener -- Before test class: class [GicCafeApplicationTests], class annotated with @DirtiesContext [false] with mode [null]

  .   ____          _            __ _ _
 /\\ / ___'_ __ _ _(_)_ __  __ _ \ \ \ \
( ( )\___ | '_ | '_| | '_ \/ _` | \ \ \ \
 \\/  ___)| |_)| | | | | || (_| |  ) ) ) )
  '  |____| .__|_| |_|_| |_\__, | / / / /
 =========|_|==============|___/=/_/_/_/
 :: Spring Boot ::                (v3.0.6)

2023-04-23T11:22:35.438+07:00  INFO 9806 --- [    Test worker] g.i4c.GicCafe.GicCafeApplicationTests    : Starting GicCafeApplicationTests using Java 17.0.6 with PID 9806 (started by rothadapravith in /Users/rothadapravith/Desktop/GicCafe)
2023-04-23T11:22:35.439+07:00  INFO 9806 --- [    Test worker] g.i4c.GicCafe.GicCafeApplicationTests    : No active profile set, falling back to 1 default profile: "default"
2023-04-23T11:22:35.726+07:00  INFO 9806 --- [    Test worker] .s.d.r.c.RepositoryConfigurationDelegate : Bootstrapping Spring Data JPA repositories in DEFAULT mode.
2023-04-23T11:22:35.740+07:00  INFO 9806 --- [    Test worker] .s.d.r.c.RepositoryConfigurationDelegate : Finished Spring Data repository scanning in 10 ms. Found 0 JPA repository interfaces.
2023-04-23T11:22:35.953+07:00  INFO 9806 --- [    Test worker] o.hibernate.jpa.internal.util.LogHelper  : HHH000204: Processing PersistenceUnitInfo [name: default]
2023-04-23T11:22:35.976+07:00  INFO 9806 --- [    Test worker] org.hibernate.Version                    : HHH000412: Hibernate ORM core version 6.1.7.Final
2023-04-23T11:22:36.108+07:00  INFO 9806 --- [    Test worker] com.zaxxer.hikari.HikariDataSource       : HikariPool-1 - Starting...
2023-04-23T11:22:36.193+07:00  INFO 9806 --- [    Test worker] com.zaxxer.hikari.pool.HikariPool        : HikariPool-1 - Added connection com.mysql.cj.jdbc.ConnectionImpl@37c1cfa
2023-04-23T11:22:36.194+07:00  INFO 9806 --- [    Test worker] com.zaxxer.hikari.HikariDataSource       : HikariPool-1 - Start completed.
2023-04-23T11:22:36.225+07:00  WARN 9806 --- [    Test worker] org.hibernate.dialect.Dialect            : HHH000511: The 5.5.0 version for [org.hibernate.dialect.MySQLDialect] is no longer supported, hence certain features may not work properly. The minimum supported version is 5.7.0. Check the community dialects project for available legacy versions.
2023-04-23T11:22:36.228+07:00  INFO 9806 --- [    Test worker] SQL dialect                              : HHH000400: Using dialect: org.hibernate.dialect.MySQLDialect
2023-04-23T11:22:36.360+07:00  INFO 9806 --- [    Test worker] o.h.e.t.j.p.i.JtaPlatformInitiator       : HHH000490: Using JtaPlatform implementation: [org.hibernate.engine.transaction.jta.platform.internal.NoJtaPlatform]
2023-04-23T11:22:36.364+07:00  INFO 9806 --- [    Test worker] j.LocalContainerEntityManagerFactoryBean : Initialized JPA EntityManagerFactory for persistence unit 'default'
2023-04-23T11:22:36.432+07:00  WARN 9806 --- [    Test worker] JpaBaseConfiguration$JpaWebConfiguration : spring.jpa.open-in-view is enabled by default. Therefore, database queries may be performed during view rendering. Explicitly configure spring.jpa.open-in-view to disable this warning
2023-04-23T11:22:36.641+07:00  INFO 9806 --- [    Test worker] g.i4c.GicCafe.GicCafeApplicationTests    : Started GicCafeApplicationTests in 1.324 seconds (process running for 1.862)
]]></system-out>
  <system-err><![CDATA[]]></system-err>
</testsuite>
